************************************
Game Starts at 2020/09/09 14:40:06
Map: strike_at_karkand_rushv2 - sp1 16
Team 2(US) attack, Team 1(MEC) defend
************************************
Game Starts at 2020/09/09 14:40:07
Map: strike_at_karkand_rushv2 - sp1 16
Team 2(US) attack, Team 1(MEC) defend
Game Ends at 2020/09/09 14:48:14
Team 2(US) win!
Remaining ticket: 0 - 278
Game Ends at 2020/09/09 14:48:20
Team 2(US) win!
Remaining ticket: 0 - 278
************************************
Game Starts at 2020/09/09 14:50:45
Map: greatwall_rushv2 - sp1 16
Team 2(Spetz) attack, Team 1(CH) defend
************************************
Game Starts at 2020/09/09 14:50:47
Map: greatwall_rushv2 - sp1 16
Team 2(Spetz) attack, Team 1(CH) defend
************************************
Game Starts at 2020/09/09 16:22:39
Map: dragon_valley_rushv2 - sp2 16
Team 2(US) attack, Team 1(CH) defend
************************************
Game Starts at 2020/09/09 16:22:42
Map: dragon_valley_rushv2 - sp2 16
Team 2(US) attack, Team 1(CH) defend
************************************
Game Starts at 2020/09/09 16:24:07
Map: greatwall_rushv2 - sp1 16
Team 2(Spetz) attack, Team 1(CH) defend
************************************
Game Starts at 2020/09/09 16:24:09
Map: greatwall_rushv2 - sp1 16
Team 2(Spetz) attack, Team 1(CH) defend
************************************
Game Starts at 2020/09/09 16:31:46
Map: greatwall_rushv2 - sp1 16
Team 2(Spetz) attack, Team 1(CH) defend
************************************
Game Starts at 2020/09/09 16:31:48
Map: greatwall_rushv2 - sp1 16
Team 2(Spetz) attack, Team 1(CH) defend
Game Ends at 2020/09/09 16:39:58
Team 2(Spetz) win!
Remaining ticket: 0 - 201
Game Ends at 2020/09/09 16:40:11
Team 2(Spetz) win!
Remaining ticket: 0 - 201
************************************
Game Starts at 2020/10/21 18:18:54
Map: sharqi_peninsula_rushv2 - gpm_coop 16
Team 1(MEC) attack, Team 2(US) defend
************************************
Game Starts at 2020/10/21 18:18:56
Map: sharqi_peninsula_rushv2 - gpm_coop 16
Team 1(MEC) attack, Team 2(US) defend
************************************
Game Starts at 2020/10/21 18:18:57
Map: sharqi_peninsula_rushv2 - gpm_coop 16
Team 1(MEC) attack, Team 2(US) defend
Game Ends at 2020/10/21 18:35:20
Team 2(US) win!
Remaining ticket: 0 - 2
Game Ends at 2020/10/21 18:35:45
Team 2(US) win!
Remaining ticket: 0 - 2
************************************
Game Starts at 2020/10/21 18:36:16
Map: SF_Ghost_Town - gpm_coop 16
Team 2(EU) attack, Team 1(Spetz) defend
************************************
Game Starts at 2020/10/21 18:36:20
Map: SF_Ghost_Town - gpm_coop 16
Team 2(EU) attack, Team 1(Spetz) defend
************************************
Game Starts at 2020/10/21 18:36:22
Map: SF_Ghost_Town - gpm_coop 16
Team 2(EU) attack, Team 1(Spetz) defend
************************************
Game Starts at 2020/10/21 21:15:24
Map: strike_at_karkand_rushv2 - gpm_coop 16
Team 2(US) attack, Team 1(MEC) defend
************************************
Game Starts at 2020/10/21 21:15:26
Map: strike_at_karkand_rushv2 - gpm_coop 16
Team 2(US) attack, Team 1(MEC) defend
************************************
Game Starts at 2020/10/21 21:15:28
Map: strike_at_karkand_rushv2 - gpm_coop 16
Team 2(US) attack, Team 1(MEC) defend
Game Ends at 2020/10/21 21:36:35
Team 2(US) win!
Remaining ticket: 0 - 635
Game Ends at 2020/10/21 21:37:00
Team 2(US) win!
Remaining ticket: 0 - 635
************************************
Game Starts at 2020/10/21 21:37:28
Map: Zatar_Wetlands_Evening - gpm_coop 16
Team 2(SEAL) attack, Team 1(MEC) defend
************************************
Game Starts at 2020/10/21 21:37:34
Map: Zatar_Wetlands_Evening - gpm_coop 16
Team 2(SEAL) attack, Team 1(MEC) defend
************************************
Game Starts at 2020/10/21 21:37:36
Map: Zatar_Wetlands_Evening - gpm_coop 16
Team 2(SEAL) attack, Team 1(MEC) defend
************************************
Game Starts at 2020/11/07 16:23:11
Map: strike_at_karkand_rushv2 - gpm_coop 16
Team 2(US) attack, Team 1(MEC) defend
************************************
Game Starts at 2020/11/07 16:23:13
Map: strike_at_karkand_rushv2 - gpm_coop 16
Team 2(US) attack, Team 1(MEC) defend
************************************
Game Starts at 2020/11/07 16:23:15
Map: strike_at_karkand_rushv2 - gpm_coop 16
Team 2(US) attack, Team 1(MEC) defend
Game Ends at 2020/11/07 16:52:36
Team 2(US) win!
Remaining ticket: 0 - 187
Game Ends at 2020/11/07 16:53:02
Team 2(US) win!
Remaining ticket: 0 - 187
************************************
Game Starts at 2020/11/07 16:53:24
Map: sharqi_peninsula_rushv2 - gpm_coop 16
Team 1(MEC) attack, Team 2(US) defend
************************************
Game Starts at 2020/11/07 16:53:29
Map: sharqi_peninsula_rushv2 - gpm_coop 16
Team 1(MEC) attack, Team 2(US) defend
************************************
Game Starts at 2020/11/07 16:53:31
Map: sharqi_peninsula_rushv2 - gpm_coop 16
Team 1(MEC) attack, Team 2(US) defend
Game Ends at 2020/11/07 17:12:52
Team 1(MEC) win!
Remaining ticket: 506 - 0
Game Ends at 2020/11/07 17:12:52
Team 1(MEC) win!
Remaining ticket: 506 - 0
